Start testing: Apr 10 14:52 MSK
----------------------------------------------------------
2/2 Testing: ExtraTest
2/2 Test: ExtraTest
Command: "/home/kiryuha21/prep-2021.01/project/tests/tests" "/home/kiryuha21/prep-2021.01/project/tests/data" "--gtest_filter=*Extra*"
Directory: /home/kiryuha21/prep-2021.01/project/tests
"ExtraTest" start time: Apr 10 14:52 MSK
Output:
----------------------------------------------------------
Note: Google Test filter = *Extra*
[==========] Running 8 tests from 2 test suites.
[----------] Global test environment set-up.
[----------] 3 tests from MatrixMathExtraSuite
[ RUN      ] MatrixMathExtraSuite.Det
"/home/kiryuha21/prep-2021.01/project/tests/data/matrix_det/case_0"
[       OK ] MatrixMathExtraSuite.Det (733 ms)
[ RUN      ] MatrixMathExtraSuite.Adj
"/home/kiryuha21/prep-2021.01/project/tests/data/matrix_adj/case_0"
[       OK ] MatrixMathExtraSuite.Adj (7192 ms)
[ RUN      ] MatrixMathExtraSuite.Inv
"/home/kiryuha21/prep-2021.01/project/tests/data/matrix_inv/case_0"
[       OK ] MatrixMathExtraSuite.Inv (8667 ms)
[----------] 3 tests from MatrixMathExtraSuite (16592 ms total)

[----------] 5 tests from MatrixMathExtraNegSuite
[ RUN      ] MatrixMathExtraNegSuite.Det
"/home/kiryuha21/prep-2021.01/project/tests/data/matrix_extra_neg/singular.txt"
[       OK ] MatrixMathExtraNegSuite.Det (0 ms)
[ RUN      ] MatrixMathExtraNegSuite.Inv
"/home/kiryuha21/prep-2021.01/project/tests/data/matrix_extra_neg/singular.txt"
[       OK ] MatrixMathExtraNegSuite.Inv (0 ms)
[ RUN      ] MatrixMathExtraNegSuite.DetDimension
[       OK ] MatrixMathExtraNegSuite.DetDimension (0 ms)
[ RUN      ] MatrixMathExtraNegSuite.AdjDimension
[       OK ] MatrixMathExtraNegSuite.AdjDimension (0 ms)
[ RUN      ] MatrixMathExtraNegSuite.InvDimension
[       OK ] MatrixMathExtraNegSuite.InvDimension (0 ms)
[----------] 5 tests from MatrixMathExtraNegSuite (0 ms total)

[----------] Global test environment tear-down
[==========] 8 tests from 2 test suites ran. (16592 ms total)
[  PASSED  ] 8 tests.
<end of output>
Test time =  16.59 sec
----------------------------------------------------------
Test Passed.
"ExtraTest" end time: Apr 10 14:52 MSK
"ExtraTest" time elapsed: 00:00:16
----------------------------------------------------------

End testing: Apr 10 14:52 MSK
